2025-02-21 11:36:00 | DEBUG | repo=arquillian-phantom-driver | action=commit
2025-02-25 21:53:00 | WARN | repo=arquillian-phantom-driver | action=commit
2025-08-19 18:46:00 | DEBUG | repo=arquillian-phantom-driver | action=commit
2025-02-15 07:13:00 | DEBUG | repo=arquillian-phantom-driver | action=commit
2025-07-01 17:48:00 | WARN | repo=arquillian-phantom-driver | action=commit
2025-06-15 09:46:00 | WARN | repo=arquillian-phantom-driver | action=commit
2025-06-06 12:04:00 | INFO | repo=arquillian-phantom-driver | action=commit
2025-08-05 18:20:00 | WARN | repo=arquillian-phantom-driver | action=pull
2025-07-16 07:32:00 | INFO | repo=arquillian-phantom-driver | action=commit
2025-05-26 08:48:00 | INFO | repo=arquillian-phantom-driver | action=commit
2025-10-17 07:38:00 | INFO | repo=arquillian-phantom-driver | action=commit
2025-12-28 07:48:00 | WARN | repo=arquillian-phantom-driver | action=commit
2025-01-18 12:01:00 | DEBUG | repo=arquillian-phantom-driver | action=test | passed=true
2025-05-06 10:09:00 | DEBUG | repo=arquillian-phantom-driver | action=commit
2025-07-13 12:46:00 | DEBUG | repo=arquillian-phantom-driver | action=pull
2025-02-23 17:51:00 | WARN | repo=arquillian-phantom-driver | action=commit
2025-06-16 21:47:00 | WARN | repo=arquillian-phantom-driver | action=edit | files=4
2025-06-23 13:51:00 | DEBUG | repo=arquillian-phantom-driver | action=pull
2025-02-27 21:55:00 | WARN | repo=arquillian-phantom-driver | action=commit
2025-12-03 08:00:00 | WARN | repo=arquillian-phantom-driver | action=commit
2025-09-18 15:34:00 | DEBUG | repo=arquillian-phantom-driver | action=test | passed=true
2025-08-06 19:27:00 | WARN | repo=arquillian-phantom-driver | action=pull
2025-07-06 20:55:00 | INFO | repo=arquillian-phantom-driver | action=commit
2025-07-14 09:48:00 | INFO | repo=arquillian-phantom-driver | action=commit
